14:59:09 41194 2053 1 581 ACK = 1 4.77392578125ms
14:59:09 41194 2053 1 1161 ACK = 1 6.52587890625ms
14:59:10 41194 2053 1 1741 ACK = 1 5.40698242188ms
14:59:10 41194 2053 1 2321 ACK = 1 5.09692382812ms
14:59:10 41194 2053 1 2901 ACK = 1 8.38598632812ms
14:59:10 41194 2053 1 3481 ACK = 1 5.21899414062ms
14:59:10 41194 2053 1 4061 ACK = 1 6.02416992188ms
14:59:10 41194 2053 1 4641 ACK = 1 5.86596679688ms
14:59:10 41194 2053 1 5221 ACK = 1 5.47412109375ms
14:59:10 41194 2053 1 5801 ACK = 1 4.73120117188ms
14:59:10 41194 2053 1 6381 ACK = 1 6.53295898438ms
14:59:10 41194 2053 1 6961 ACK = 1 4.38696289062ms
14:59:10 41194 2053 1 7541 ACK = 1 6.01782226562ms
14:59:10 41194 2053 1 8121 ACK = 1 5.6201171875ms
14:59:10 41194 2053 1 8701 ACK = 1 6.4130859375ms
14:59:10 41194 2053 1 9281 ACK = 1 4.60595703125ms
14:59:10 41194 2053 1 9861 ACK = 1 6.037109375ms
14:59:10 41194 2053 1 10441 ACK = 1 6.03295898438ms
14:59:10 41194 2053 1 11021 ACK = 1 5.10595703125ms
14:59:10 41194 2053 1 11601 ACK = 1 6.59204101562ms
14:59:10 41194 2053 1 12181 ACK = 1 5.43896484375ms
14:59:10 41194 2053 1 12761 ACK = 1 5.57885742188ms
14:59:10 41194 2053 1 13341 ACK = 1 5.45703125ms
14:59:10 41194 2053 1 13921 ACK = 1 5.35888671875ms
14:59:10 41194 2053 1 14501 ACK = 1 5.6328125ms
14:59:10 41194 2053 1 15081 ACK = 1 6.56201171875ms
14:59:10 41194 2053 1 15661 ACK = 1 5.28002929688ms
14:59:10 41194 2053 1 16241 ACK = 1 5.40112304688ms
14:59:10 41194 2053 1 16821 ACK = 1 5.35913085938ms
14:59:10 41194 2053 1 17401 ACK = 1 5.44897460938ms
14:59:10 41194 2053 1 17981 ACK = 1 6.56323242188ms
14:59:10 41194 2053 1 18561 ACK = 1 5.48999023438ms
14:59:10 41194 2053 1 19141 ACK = 1 5.38696289062ms
14:59:10 41194 2053 1 19721 ACK = 1 5.8720703125ms
14:59:10 41194 2053 1 20301 ACK = 1 6.60791015625ms
14:59:10 41194 2053 1 20881 ACK = 1 6.14501953125ms
14:59:10 41194 2053 1 21461 ACK = 1 5.70190429688ms
14:59:10 41194 2053 1 22041 ACK = 1 5.455078125ms
14:59:10 41194 2053 1 22621 ACK = 1 6.06201171875ms
14:59:10 41194 2053 1 23201 ACK = 1 5.298828125ms
14:59:10 41194 2053 1 23781 ACK = 1 5.35595703125ms
14:59:10 41194 2053 1 24361 ACK = 1 7.49780273438ms
14:59:10 41194 2053 1 24941 ACK = 1 4.93994140625ms
14:59:10 41194 2053 1 25521 ACK = 1 5.6640625ms
14:59:10 41194 2053 1 26101 ACK = 1 5.71801757812ms
14:59:10 41194 2053 1 26681 ACK = 1 4.89501953125ms
14:59:10 41194 2053 1 27261 ACK = 1 4.86987304688ms
14:59:10 41194 2053 1 27841 ACK = 1 5.92797851562ms
14:59:10 41194 2053 1 28421 ACK = 1 6.43579101562ms
14:59:10 41194 2053 1 29001 ACK = 1 5.36108398438ms
14:59:10 41194 2053 1 29581 ACK = 1 5.63012695312ms
14:59:10 41194 2053 1 30161 ACK = 1 5.8291015625ms
14:59:10 41194 2053 1 30741 ACK = 1 5.68017578125ms
14:59:10 41194 2053 1 31321 ACK = 1 5.93090820312ms
14:59:10 41194 2053 1 31901 ACK = 1 5.75708007812ms
14:59:10 41194 2053 1 32481 ACK = 1 5.71899414062ms
14:59:10 41194 2053 1 33061 ACK = 1 5.419921875ms
14:59:10 41194 2053 1 33641 ACK = 1 5.48706054688ms
14:59:10 41194 2053 1 34221 ACK = 1 5.76098632812ms
14:59:10 41194 2053 1 34801 ACK = 1 5.34594726562ms
14:59:10 41194 2053 1 35381 ACK = 1 5.24389648438ms
14:59:10 41194 2053 1 35961 ACK = 1 4.64697265625ms
14:59:10 41194 2053 1 36541 ACK = 1 5.35595703125ms
14:59:10 41194 2053 1 37121 ACK = 1 5.703125ms
14:59:10 41194 2053 1 37701 ACK = 1 6.291015625ms
14:59:10 41194 2053 1 38281 ACK = 1 5.0439453125ms
14:59:11 41194 2053 1 38861 ACK = 1 7.42895507812ms
14:59:11 41194 2053 1 39441 ACK = 1 5.8349609375ms
14:59:11 41194 2053 1 40021 ACK = 1 6.46997070312ms
14:59:11 41194 2053 1 40601 ACK = 1 8.36181640625ms
14:59:11 41194 2053 1 41181 ACK = 1 5.416015625ms
14:59:11 41194 2053 1 41761 ACK = 1 8.34814453125ms
14:59:11 41194 2053 1 42341 ACK = 1 8.23999023438ms
14:59:11 41194 2053 1 42921 ACK = 1 6.1259765625ms
14:59:11 41194 2053 1 43501 ACK = 1 5.82690429688ms
14:59:11 41194 2053 1 44081 ACK = 1 5.96704101562ms
14:59:11 41194 2053 1 44661 ACK = 1 6.24584960938ms
14:59:11 41194 2053 1 45241 ACK = 1 5.80981445312ms
14:59:11 41194 2053 1 45821 ACK = 1 5.37719726562ms
14:59:11 41194 2053 1 46401 ACK = 1 6.4677734375ms
14:59:11 41194 2053 1 46981 ACK = 1 8.07006835938ms
14:59:11 41194 2053 1 47561 ACK = 1 6.64111328125ms
14:59:11 41194 2053 1 48141 ACK = 1 5.59887695312ms
14:59:11 41194 2053 1 48721 ACK = 1 5.14404296875ms
14:59:11 41194 2053 1 49301 ACK = 1 5.93212890625ms
14:59:11 41194 2053 1 49881 ACK = 1 5.57788085938ms
14:59:11 41194 2053 1 50461 ACK = 1 7.19384765625ms
14:59:11 41194 2053 1 51041 ACK = 1 7.59716796875ms
14:59:11 41194 2053 1 51621 ACK = 1 5.31103515625ms
14:59:11 41194 2053 1 52201 ACK = 1 6.39404296875ms
14:59:11 41194 2053 1 52781 ACK = 1 6.02612304688ms
14:59:11 41194 2053 1 53361 ACK = 1 6.16918945312ms
14:59:11 41194 2053 1 53941 ACK = 1 6.4580078125ms
14:59:11 41194 2053 1 54521 ACK = 1 6.94409179688ms
14:59:11 41194 2053 1 55101 ACK = 1 5.8671875ms
14:59:11 41194 2053 1 55681 ACK = 1 6.95703125ms
14:59:11 41194 2053 1 56261 ACK = 1 7.67309570312ms
14:59:11 41194 2053 1 56841 ACK = 1 5.8798828125ms
14:59:11 41194 2053 1 57421 ACK = 1 5.44311523438ms
14:59:11 41194 2053 1 58001 ACK = 1 6.14208984375ms
14:59:11 41194 2053 1 58581 ACK = 1 6.40893554688ms
14:59:11 41194 2053 1 59161 ACK = 1 5.83178710938ms
14:59:11 41194 2053 1 59741 ACK = 1 8.203125ms
14:59:11 41194 2053 1 60321 ACK = 1 -0.243896484375ms
14:59:11 41194 2053 1 60901 ACK = 1 5.86108398438ms
14:59:11 41194 2053 1 61481 ACK = 1 5.83911132812ms
14:59:11 41194 2053 1 62061 ACK = 1 5.59716796875ms
14:59:11 41194 2053 1 62641 ACK = 1 6.10815429688ms
14:59:11 41194 2053 1 63221 ACK = 1 7.375ms
14:59:11 41194 2053 1 63801 ACK = 1 6.69287109375ms
14:59:11 41194 2053 1 64381 ACK = 1 6.0830078125ms
14:59:11 41194 2053 1 64961 ACK = 1 6.70385742188ms
14:59:11 41194 2053 1 65541 ACK = 1 6.52099609375ms
14:59:11 41194 2053 1 66121 ACK = 1 5.5478515625ms
14:59:11 41194 2053 1 66701 ACK = 1 6.63305664062ms
14:59:11 41194 2053 1 67281 ACK = 1 8.55981445312ms
14:59:11 41194 2053 1 67861 ACK = 1 7.26513671875ms
14:59:11 41194 2053 1 68441 ACK = 1 5.73706054688ms
14:59:11 41194 2053 1 69021 ACK = 1 6.60595703125ms
14:59:11 41194 2053 1 69601 ACK = 1 5.33203125ms
14:59:11 41194 2053 1 70181 ACK = 1 5.65283203125ms
14:59:11 41194 2053 1 70761 ACK = 1 6.296875ms
14:59:11 41194 2053 1 71341 ACK = 1 6.7548828125ms
14:59:11 41194 2053 1 71921 ACK = 1 5.30981445312ms
14:59:11 41194 2053 1 72501 ACK = 1 5.89184570312ms
14:59:11 41194 2053 1 73081 ACK = 1 6.59399414062ms
14:59:11 41194 2053 1 73661 ACK = 1 6.19189453125ms
14:59:11 41194 2053 1 74241 ACK = 1 5.61596679688ms
14:59:11 41194 2053 1 74821 ACK = 1 5.375ms
14:59:11 41194 2053 1 75401 ACK = 1 7.05297851562ms
14:59:11 41194 2053 1 75981 ACK = 1 6.787109375ms
14:59:11 41194 2053 1 76561 ACK = 1 7.58911132812ms
14:59:11 41194 2053 1 77141 ACK = 1 7.92797851562ms
14:59:11 41194 2053 1 77721 ACK = 1 9.39794921875ms
14:59:12 41194 2053 1 78301 ACK = 1 5.82495117188ms
14:59:12 41194 2053 1 78881 ACK = 1 6.70483398438ms
14:59:12 41194 2053 1 79461 ACK = 1 5.68798828125ms
14:59:12 41194 2053 1 80041 ACK = 1 6.52099609375ms
14:59:12 41194 2053 1 80621 ACK = 1 7.60595703125ms
14:59:12 41194 2053 1 81201 ACK = 1 5.47216796875ms
14:59:12 41194 2053 1 81781 ACK = 1 6.42993164062ms
14:59:12 41194 2053 1 82361 ACK = 1 6.6689453125ms
14:59:12 41194 2053 1 82941 ACK = 1 5.9970703125ms
14:59:12 41194 2053 1 83521 ACK = 1 6.34814453125ms
14:59:12 41194 2053 1 84101 ACK = 1 8.57006835938ms
14:59:12 41194 2053 1 84681 ACK = 1 1.0ms
14:59:12 41194 2053 1 85261 ACK = 1 6.17797851562ms
14:59:12 41194 2053 1 85841 ACK = 1 6.30810546875ms
14:59:12 41194 2053 1 86421 ACK = 1 5.87890625ms
14:59:12 41194 2053 1 87001 ACK = 1 6.7919921875ms
14:59:12 41194 2053 1 87581 ACK = 1 7.123046875ms
14:59:12 41194 2053 1 88161 ACK = 1 7.87084960938ms
14:59:12 41194 2053 1 88741 ACK = 1 6.4580078125ms
14:59:12 41194 2053 1 89321 ACK = 1 6.416015625ms
14:59:12 41194 2053 1 89901 ACK = 1 5.67309570312ms
14:59:12 41194 2053 1 90481 ACK = 1 5.9150390625ms
14:59:12 41194 2053 1 91061 ACK = 1 5.3701171875ms
14:59:12 41194 2053 1 91641 ACK = 1 4.73999023438ms
14:59:12 41194 2053 1 92221 ACK = 1 6.64208984375ms
14:59:12 41194 2053 1 92801 ACK = 1 8.0771